[debug] [2021-04-02T16:23:15.665Z] ----------------------------------------------------------------------
[debug] [2021-04-02T16:23:15.667Z] Command:       C:\Program Files\nodejs\node.exe C:\Users\taiseen\AppData\Roaming\npm\node_modules\firebase-tools\lib\bin\firebase.js init
[debug] [2021-04-02T16:23:15.673Z] CLI Version:   9.8.0
[debug] [2021-04-02T16:23:15.673Z] Platform:      win32
[debug] [2021-04-02T16:23:15.674Z] Node Version:  v14.15.3
[debug] [2021-04-02T16:23:15.682Z] Time:          Fri Apr 02 2021 22:23:15 GMT+0600 (Bangladesh Standard Time)
[debug] [2021-04-02T16:23:15.683Z] ----------------------------------------------------------------------
[debug] 
[debug] [2021-04-02T16:23:15.693Z] > command requires scopes: ["email","openid","https://www.googleapis.com/auth/cloudplatformprojects.readonly","https://www.googleapis.com/auth/firebase","https://www.googleapis.com/auth/cloud-platform"]
[debug] [2021-04-02T16:23:15.694Z] > authorizing via signed-in user
[info] 
     ######## #### ########  ######## ########     ###     ######  ########
     ##        ##  ##     ## ##       ##     ##  ##   ##  ##       ##
     ######    ##  ########  ######   ########  #########  ######  ######
     ##        ##  ##    ##  ##       ##     ## ##     ##       ## ##
     ##       #### ##     ## ######## ########  ##     ##  ######  ########

You're about to initialize a Firebase project in this directory:

  C:\zzzzzz_______project\Devlopment-Books-Corner\client

Before we get started, keep in mind:

  * You are currently outside your home directory
  * You are initializing in an existing Firebase project directory

